Running from: /bitnami/jenkins/jenkins.war
webroot: EnvVars.masterEnvVars.get("JENKINS_HOME")
Mar 22, 2019 11:35:31 PM org.eclipse.jetty.util.log.Log initialized
INFO: Logging initialized @871ms to org.eclipse.jetty.util.log.JavaUtilLog
Mar 22, 2019 11:35:31 PM winstone.Logger logInternal
INFO: Beginning extraction from war file
Mar 22, 2019 11:35:32 PM org.eclipse.jetty.server.handler.ContextHandler setContextPath
WARNING: Empty contextPath
Mar 22, 2019 11:35:32 PM org.eclipse.jetty.server.Server doStart
INFO: jetty-9.4.z-SNAPSHOT; built: 2018-08-30T13:59:14.071Z; git: 27208684755d94a92186989f695db2d7b21ebc51; jvm 1.8.0_201-ojdkbuild-09
Mar 22, 2019 11:35:32 PM org.eclipse.jetty.webapp.StandardDescriptorProcessor visitServlet
INFO: NO JSP Support for /, did not find org.eclipse.jetty.jsp.JettyJspServlet
Mar 22, 2019 11:35:32 PM org.eclipse.jetty.server.session.DefaultSessionIdManager doStart
INFO: DefaultSessionIdManager workerName=node0
Mar 22, 2019 11:35:32 PM org.eclipse.jetty.server.session.DefaultSessionIdManager doStart
INFO: No SessionScavenger set, using defaults
Mar 22, 2019 11:35:32 PM org.eclipse.jetty.server.session.HouseKeeper startScavenging
INFO: node0 Scavenging every 660000ms
Jenkins home directory: /opt/bitnami/jenkins/jenkins_home found at: EnvVars.masterEnvVars.get("JENKINS_HOME")
Mar 22, 2019 11:35:34 PM org.eclipse.jetty.server.handler.ContextHandler doStart
INFO: Started w.@1500b2f3{Jenkins v2.164.1,/,file:///bitnami/jenkins/jenkins_home/war/,AVAILABLE}{/opt/bitnami/jenkins/jenkins_home/war}
Mar 22, 2019 11:35:34 PM org.eclipse.jetty.server.AbstractConnector doStart
INFO: Started ServerConnector@8ee39d6{HTTP/1.1,[http/1.1]}{0.0.0.0:8080}
Mar 22, 2019 11:35:34 PM org.eclipse.jetty.server.Server doStart
INFO: Started @3336ms
Mar 22, 2019 11:35:34 PM winstone.Logger logInternal
INFO: Winstone Servlet Engine v4.0 running: controlPort=disabled
Mar 22, 2019 11:35:36 PM jenkins.InitReactorRunner$1 onAttained
INFO: Started initialization
Mar 22, 2019 11:35:36 PM jenkins.InitReactorRunner$1 onAttained
INFO: Listed all plugins
Mar 22, 2019 11:35:42 PM jenkins.InitReactorRunner$1 onAttained
INFO: Prepared all plugins
Mar 22, 2019 11:35:43 PM jenkins.InitReactorRunner$1 onAttained
INFO: Started all plugins
Mar 22, 2019 11:35:44 PM hudson.ExtensionFinder$GuiceFinder$FaultTolerantScope$1 error
INFO: Failed to instantiate optional component hudson.plugins.build_timeout.operations.AbortAndRestartOperation$DescriptorImpl; skipping
Mar 22, 2019 11:35:44 PM jenkins.InitReactorRunner$1 onAttained
INFO: Augmented all extensions
Mar 22, 2019 11:35:44 PM jenkins.InitReactorRunner$1 onAttained
INFO: Loaded all jobs
Mar 22, 2019 11:35:44 PM hudson.model.AsyncPeriodicWork$1 run
INFO: Started Download metadata
Mar 22, 2019 11:35:44 PM hudson.util.Retrier start
INFO: Attempt #1 to do the action check updates server
Mar 22, 2019 11:35:45 PM org.springframework.context.support.AbstractApplicationContext prepareRefresh
INFO: Refreshing org.springframework.web.context.support.StaticWebApplicationContext@3945cdd4: display name [Root WebApplicationContext]; startup date [Fri Mar 22 23:35:45 UTC 2019]; root of context hierarchy
Mar 22, 2019 11:35:45 PM org.springframework.context.support.AbstractApplicationContext obtainFreshBeanFactory
INFO: Bean factory for application context [org.springframework.web.context.support.StaticWebApplicationContext@3945cdd4]: org.springframework.beans.factory.support.DefaultListableBeanFactory@13240455
Mar 22, 2019 11:35:45 PM org.springframework.beans.factory.support.DefaultListableBeanFactory preInstantiateSingletons
INFO: Pre-instantiating singletons in org.springframework.beans.factory.support.DefaultListableBeanFactory@13240455: defining beans [authenticationManager]; root of factory hierarchy
Mar 22, 2019 11:35:45 PM org.springframework.context.support.AbstractApplicationContext prepareRefresh
INFO: Refreshing org.springframework.web.context.support.StaticWebApplicationContext@1a5413c8: display name [Root WebApplicationContext]; startup date [Fri Mar 22 23:35:45 UTC 2019]; root of context hierarchy
Mar 22, 2019 11:35:45 PM org.springframework.context.support.AbstractApplicationContext obtainFreshBeanFactory
INFO: Bean factory for application context [org.springframework.web.context.support.StaticWebApplicationContext@1a5413c8]: org.springframework.beans.factory.support.DefaultListableBeanFactory@2aadb087
Mar 22, 2019 11:35:45 PM org.springframework.beans.factory.support.DefaultListableBeanFactory preInstantiateSingletons
INFO: Pre-instantiating singletons in org.springframework.beans.factory.support.DefaultListableBeanFactory@2aadb087: defining beans [filter,legacy]; root of factory hierarchy
Mar 22, 2019 11:35:45 PM jenkins.InitReactorRunner$1 onAttained
INFO: Completed initialization
Mar 22, 2019 11:35:45 PM hudson.WebAppMain$3 run
INFO: Jenkins is fully up and running
